17-Oct-2025 00:00:37.808 INFO [http-nio-8080-exec-680] org.apache.catalina.core.ApplicationContext.log Manager: list: Listing contexts for virtual host 'localhost'
17-Oct-2025 00:00:37.809 INFO [http-nio-8080-exec-681] org.apache.catalina.core.ApplicationContext.log Manager: list: Listing contexts for virtual host 'localhost'
17-Oct-2025 00:00:37.815 INFO [http-nio-8080-exec-682] org.apache.catalina.core.ApplicationContext.log Manager: undeploy: Undeploying web application at '/webapp'
17-Oct-2025 00:00:38.393 INFO [http-nio-8080-exec-677] org.apache.catalina.core.ApplicationContext.log Manager: install: Installing context configuration at 'file:/C:/Users/Juanpi/AppData/Local/Temp/context10133497669481542897.xml'
17-Oct-2025 00:00:40.922 INFO [http-nio-8080-exec-674] org.apache.catalina.core.ApplicationContext.log Manager: start: Starting web application '/webapp'
17-Oct-2025 00:11:07.917 INFO [http-nio-8080-exec-690] org.apache.catalina.core.ApplicationContext.log Manager: list: Listing contexts for virtual host 'localhost'
17-Oct-2025 00:11:07.918 INFO [http-nio-8080-exec-691] org.apache.catalina.core.ApplicationContext.log Manager: list: Listing contexts for virtual host 'localhost'
17-Oct-2025 00:11:07.922 INFO [http-nio-8080-exec-692] org.apache.catalina.core.ApplicationContext.log Manager: undeploy: Undeploying web application at '/webapp'
17-Oct-2025 00:11:08.474 INFO [http-nio-8080-exec-685] org.apache.catalina.core.ApplicationContext.log Manager: install: Installing context configuration at 'file:/C:/Users/Juanpi/AppData/Local/Temp/context5030730205580182991.xml'
17-Oct-2025 00:11:11.617 INFO [http-nio-8080-exec-687] org.apache.catalina.core.ApplicationContext.log Manager: start: Starting web application '/webapp'
17-Oct-2025 00:12:23.093 INFO [http-nio-8080-exec-700] org.apache.catalina.core.ApplicationContext.log Manager: list: Listing contexts for virtual host 'localhost'
17-Oct-2025 00:12:23.094 INFO [http-nio-8080-exec-701] org.apache.catalina.core.ApplicationContext.log Manager: list: Listing contexts for virtual host 'localhost'
17-Oct-2025 00:12:23.098 INFO [http-nio-8080-exec-702] org.apache.catalina.core.ApplicationContext.log Manager: undeploy: Undeploying web application at '/webapp'
17-Oct-2025 00:12:23.647 INFO [http-nio-8080-exec-701] org.apache.catalina.core.ApplicationContext.log Manager: install: Installing context configuration at 'file:/C:/Users/Juanpi/AppData/Local/Temp/context8420263685101603422.xml'
17-Oct-2025 00:12:26.172 INFO [http-nio-8080-exec-700] org.apache.catalina.core.ApplicationContext.log Manager: start: Starting web application '/webapp'
17-Oct-2025 00:14:44.293 INFO [http-nio-8080-exec-704] org.apache.catalina.core.ApplicationContext.log Manager: list: Listing contexts for virtual host 'localhost'
17-Oct-2025 00:14:44.294 INFO [http-nio-8080-exec-713] org.apache.catalina.core.ApplicationContext.log Manager: list: Listing contexts for virtual host 'localhost'
17-Oct-2025 00:14:44.298 INFO [http-nio-8080-exec-710] org.apache.catalina.core.ApplicationContext.log Manager: undeploy: Undeploying web application at '/webapp'
17-Oct-2025 00:14:44.864 INFO [http-nio-8080-exec-712] org.apache.catalina.core.ApplicationContext.log Manager: install: Installing context configuration at 'file:/C:/Users/Juanpi/AppData/Local/Temp/context12716288310105013627.xml'
17-Oct-2025 00:14:47.341 INFO [http-nio-8080-exec-706] org.apache.catalina.core.ApplicationContext.log Manager: start: Starting web application '/webapp'
17-Oct-2025 00:19:20.946 INFO [http-nio-8080-exec-714] org.apache.catalina.core.ApplicationContext.log Manager: list: Listing contexts for virtual host 'localhost'
17-Oct-2025 00:19:20.947 INFO [http-nio-8080-exec-715] org.apache.catalina.core.ApplicationContext.log Manager: list: Listing contexts for virtual host 'localhost'
17-Oct-2025 00:19:20.951 INFO [http-nio-8080-exec-721] org.apache.catalina.core.ApplicationContext.log Manager: undeploy: Undeploying web application at '/webapp'
17-Oct-2025 00:19:21.528 INFO [http-nio-8080-exec-719] org.apache.catalina.core.ApplicationContext.log Manager: install: Installing context configuration at 'file:/C:/Users/Juanpi/AppData/Local/Temp/context18061727548603652147.xml'
17-Oct-2025 00:19:24.360 INFO [http-nio-8080-exec-723] org.apache.catalina.core.ApplicationContext.log Manager: start: Starting web application '/webapp'
17-Oct-2025 00:36:47.875 INFO [http-nio-8080-exec-730] org.apache.catalina.core.ApplicationContext.log Manager: list: Listing contexts for virtual host 'localhost'
17-Oct-2025 00:36:47.877 INFO [http-nio-8080-exec-733] org.apache.catalina.core.ApplicationContext.log Manager: undeploy: Undeploying web application at '/webapp'
17-Oct-2025 00:43:14.003 INFO [http-nio-8080-exec-727] org.apache.catalina.core.ApplicationContext.log Manager: list: Listing contexts for virtual host 'localhost'
17-Oct-2025 00:43:23.235 INFO [http-nio-8080-exec-739] org.apache.catalina.core.ApplicationContext.log Manager: list: Listing contexts for virtual host 'localhost'
17-Oct-2025 00:43:23.238 INFO [http-nio-8080-exec-740] org.apache.catalina.core.ApplicationContext.log Manager: list: Listing contexts for virtual host 'localhost'
17-Oct-2025 00:43:23.272 INFO [http-nio-8080-exec-742] org.apache.catalina.core.ApplicationContext.log Manager: install: Installing context configuration at 'file:/C:/Users/Juanpi/AppData/Local/Temp/context13891471873120670902.xml'
17-Oct-2025 00:43:25.967 INFO [http-nio-8080-exec-741] org.apache.catalina.core.ApplicationContext.log Manager: start: Starting web application '/webapp'
17-Oct-2025 00:46:32.738 INFO [http-nio-8080-exec-740] org.apache.catalina.core.ApplicationContext.log Manager: list: Listing contexts for virtual host 'localhost'
17-Oct-2025 00:46:32.738 INFO [http-nio-8080-exec-742] org.apache.catalina.core.ApplicationContext.log Manager: list: Listing contexts for virtual host 'localhost'
17-Oct-2025 00:46:32.742 INFO [http-nio-8080-exec-741] org.apache.catalina.core.ApplicationContext.log Manager: undeploy: Undeploying web application at '/webapp'
17-Oct-2025 00:46:33.432 INFO [http-nio-8080-exec-735] org.apache.catalina.core.ApplicationContext.log Manager: install: Installing context configuration at 'file:/C:/Users/Juanpi/AppData/Local/Temp/context11097444894255480867.xml'
17-Oct-2025 00:46:36.386 INFO [http-nio-8080-exec-739] org.apache.catalina.core.ApplicationContext.log Manager: start: Starting web application '/webapp'
17-Oct-2025 00:51:44.280 INFO [http-nio-8080-exec-748] org.apache.catalina.core.ApplicationContext.log Manager: list: Listing contexts for virtual host 'localhost'
17-Oct-2025 00:51:44.281 INFO [http-nio-8080-exec-751] org.apache.catalina.core.ApplicationContext.log Manager: list: Listing contexts for virtual host 'localhost'
17-Oct-2025 00:51:44.286 INFO [http-nio-8080-exec-747] org.apache.catalina.core.ApplicationContext.log Manager: undeploy: Undeploying web application at '/webapp'
17-Oct-2025 00:51:44.859 INFO [http-nio-8080-exec-749] org.apache.catalina.core.ApplicationContext.log Manager: install: Installing context configuration at 'file:/C:/Users/Juanpi/AppData/Local/Temp/context9113784005250843100.xml'
17-Oct-2025 00:51:48.093 INFO [http-nio-8080-exec-750] org.apache.catalina.core.ApplicationContext.log Manager: start: Starting web application '/webapp'
17-Oct-2025 00:53:12.652 INFO [http-nio-8080-exec-762] org.apache.catalina.core.ApplicationContext.log Manager: list: Listing contexts for virtual host 'localhost'
17-Oct-2025 00:53:12.653 INFO [http-nio-8080-exec-757] org.apache.catalina.core.ApplicationContext.log Manager: list: Listing contexts for virtual host 'localhost'
17-Oct-2025 00:53:12.657 INFO [http-nio-8080-exec-759] org.apache.catalina.core.ApplicationContext.log Manager: undeploy: Undeploying web application at '/webapp'
17-Oct-2025 00:53:13.231 INFO [http-nio-8080-exec-762] org.apache.catalina.core.ApplicationContext.log Manager: install: Installing context configuration at 'file:/C:/Users/Juanpi/AppData/Local/Temp/context977610163813631492.xml'
17-Oct-2025 00:53:16.442 INFO [http-nio-8080-exec-761] org.apache.catalina.core.ApplicationContext.log Manager: start: Starting web application '/webapp'
17-Oct-2025 00:54:15.625 INFO [http-nio-8080-exec-766] org.apache.catalina.core.ApplicationContext.log Manager: list: Listing contexts for virtual host 'localhost'
17-Oct-2025 00:54:15.626 INFO [http-nio-8080-exec-773] org.apache.catalina.core.ApplicationContext.log Manager: list: Listing contexts for virtual host 'localhost'
17-Oct-2025 00:54:15.630 INFO [http-nio-8080-exec-767] org.apache.catalina.core.ApplicationContext.log Manager: undeploy: Undeploying web application at '/webapp'
17-Oct-2025 00:54:16.208 INFO [http-nio-8080-exec-771] org.apache.catalina.core.ApplicationContext.log Manager: install: Installing context configuration at 'file:/C:/Users/Juanpi/AppData/Local/Temp/context6752613144835656276.xml'
17-Oct-2025 00:54:18.845 INFO [http-nio-8080-exec-773] org.apache.catalina.core.ApplicationContext.log Manager: start: Starting web application '/webapp'
17-Oct-2025 00:55:27.079 INFO [http-nio-8080-exec-780] org.apache.catalina.core.ApplicationContext.log Manager: list: Listing contexts for virtual host 'localhost'
17-Oct-2025 00:55:27.080 INFO [http-nio-8080-exec-782] org.apache.catalina.core.ApplicationContext.log Manager: list: Listing contexts for virtual host 'localhost'
17-Oct-2025 00:55:27.084 INFO [http-nio-8080-exec-783] org.apache.catalina.core.ApplicationContext.log Manager: undeploy: Undeploying web application at '/webapp'
17-Oct-2025 00:55:27.676 INFO [http-nio-8080-exec-779] org.apache.catalina.core.ApplicationContext.log Manager: install: Installing context configuration at 'file:/C:/Users/Juanpi/AppData/Local/Temp/context6482856741119021911.xml'
17-Oct-2025 00:55:30.423 INFO [http-nio-8080-exec-782] org.apache.catalina.core.ApplicationContext.log Manager: start: Starting web application '/webapp'
17-Oct-2025 00:59:51.706 INFO [http-nio-8080-exec-10] org.apache.catalina.core.ApplicationContext.log Manager: init: Associated with Deployer 'Catalina:type=Deployer,host=localhost'
17-Oct-2025 00:59:51.706 INFO [http-nio-8080-exec-10] org.apache.catalina.core.ApplicationContext.log Manager: init: Global resources are available
17-Oct-2025 00:59:51.737 INFO [http-nio-8080-exec-1] org.apache.catalina.core.ApplicationContext.log Manager: list: Listing contexts for virtual host 'localhost'
17-Oct-2025 00:59:51.740 INFO [http-nio-8080-exec-2] org.apache.catalina.core.ApplicationContext.log Manager: list: Listing contexts for virtual host 'localhost'
17-Oct-2025 00:59:51.749 INFO [http-nio-8080-exec-3] org.apache.catalina.core.ApplicationContext.log Manager: undeploy: Undeploying web application at '/webapp'
17-Oct-2025 00:59:52.331 INFO [http-nio-8080-exec-10] org.apache.catalina.core.ApplicationContext.log Manager: install: Installing context configuration at 'file:/C:/Users/Juanpi/AppData/Local/Temp/context6938700974278709690.xml'
17-Oct-2025 00:59:55.329 INFO [http-nio-8080-exec-6] org.apache.catalina.core.ApplicationContext.log Manager: start: Starting web application '/webapp'
17-Oct-2025 01:01:30.685 INFO [http-nio-8080-exec-12] org.apache.catalina.core.ApplicationContext.log Manager: list: Listing contexts for virtual host 'localhost'
17-Oct-2025 01:01:30.687 INFO [http-nio-8080-exec-11] org.apache.catalina.core.ApplicationContext.log Manager: list: Listing contexts for virtual host 'localhost'
17-Oct-2025 01:01:30.694 INFO [http-nio-8080-exec-13] org.apache.catalina.core.ApplicationContext.log Manager: undeploy: Undeploying web application at '/webapp'
17-Oct-2025 01:01:31.271 INFO [http-nio-8080-exec-20] org.apache.catalina.core.ApplicationContext.log Manager: install: Installing context configuration at 'file:/C:/Users/Juanpi/AppData/Local/Temp/context18232654681659700734.xml'
17-Oct-2025 01:01:34.291 INFO [http-nio-8080-exec-15] org.apache.catalina.core.ApplicationContext.log Manager: start: Starting web application '/webapp'
17-Oct-2025 01:04:01.936 INFO [http-nio-8080-exec-28] org.apache.catalina.core.ApplicationContext.log Manager: list: Listing contexts for virtual host 'localhost'
17-Oct-2025 01:04:01.937 INFO [http-nio-8080-exec-21] org.apache.catalina.core.ApplicationContext.log Manager: list: Listing contexts for virtual host 'localhost'
17-Oct-2025 01:04:01.944 INFO [http-nio-8080-exec-30] org.apache.catalina.core.ApplicationContext.log Manager: undeploy: Undeploying web application at '/webapp'
17-Oct-2025 01:04:02.530 INFO [http-nio-8080-exec-23] org.apache.catalina.core.ApplicationContext.log Manager: install: Installing context configuration at 'file:/C:/Users/Juanpi/AppData/Local/Temp/context1846541197477459779.xml'
17-Oct-2025 01:04:05.425 INFO [http-nio-8080-exec-29] org.apache.catalina.core.ApplicationContext.log Manager: start: Starting web application '/webapp'
17-Oct-2025 01:06:11.984 INFO [http-nio-8080-exec-31] org.apache.catalina.core.ApplicationContext.log Manager: list: Listing contexts for virtual host 'localhost'
17-Oct-2025 01:06:11.986 INFO [http-nio-8080-exec-37] org.apache.catalina.core.ApplicationContext.log Manager: list: Listing contexts for virtual host 'localhost'
17-Oct-2025 01:06:11.993 INFO [http-nio-8080-exec-38] org.apache.catalina.core.ApplicationContext.log Manager: undeploy: Undeploying web application at '/webapp'
17-Oct-2025 01:06:12.574 INFO [http-nio-8080-exec-31] org.apache.catalina.core.ApplicationContext.log Manager: install: Installing context configuration at 'file:/C:/Users/Juanpi/AppData/Local/Temp/context6324950642611276843.xml'
17-Oct-2025 01:06:15.396 INFO [http-nio-8080-exec-37] org.apache.catalina.core.ApplicationContext.log Manager: start: Starting web application '/webapp'
17-Oct-2025 01:07:46.197 INFO [http-nio-8080-exec-45] org.apache.catalina.core.ApplicationContext.log Manager: list: Listing contexts for virtual host 'localhost'
17-Oct-2025 01:07:46.200 INFO [http-nio-8080-exec-50] org.apache.catalina.core.ApplicationContext.log Manager: list: Listing contexts for virtual host 'localhost'
17-Oct-2025 01:07:46.210 INFO [http-nio-8080-exec-44] org.apache.catalina.core.ApplicationContext.log Manager: undeploy: Undeploying web application at '/webapp'
17-Oct-2025 01:07:46.773 INFO [http-nio-8080-exec-42] org.apache.catalina.core.ApplicationContext.log Manager: install: Installing context configuration at 'file:/C:/Users/Juanpi/AppData/Local/Temp/context13058003521309666758.xml'
17-Oct-2025 01:07:49.449 INFO [http-nio-8080-exec-49] org.apache.catalina.core.ApplicationContext.log Manager: start: Starting web application '/webapp'
17-Oct-2025 01:17:18.730 INFO [http-nio-8080-exec-56] org.apache.catalina.core.ApplicationContext.log Manager: list: Listing contexts for virtual host 'localhost'
17-Oct-2025 01:17:18.731 INFO [http-nio-8080-exec-58] org.apache.catalina.core.ApplicationContext.log Manager: list: Listing contexts for virtual host 'localhost'
17-Oct-2025 01:17:18.738 INFO [http-nio-8080-exec-52] org.apache.catalina.core.ApplicationContext.log Manager: undeploy: Undeploying web application at '/webapp'
17-Oct-2025 01:17:19.319 INFO [http-nio-8080-exec-60] org.apache.catalina.core.ApplicationContext.log Manager: install: Installing context configuration at 'file:/C:/Users/Juanpi/AppData/Local/Temp/context9024047159102162927.xml'
17-Oct-2025 01:17:22.183 INFO [http-nio-8080-exec-58] org.apache.catalina.core.ApplicationContext.log Manager: start: Starting web application '/webapp'
17-Oct-2025 01:19:29.413 INFO [http-nio-8080-exec-63] org.apache.catalina.core.ApplicationContext.log Manager: list: Listing contexts for virtual host 'localhost'
17-Oct-2025 01:19:29.415 INFO [http-nio-8080-exec-64] org.apache.catalina.core.ApplicationContext.log Manager: list: Listing contexts for virtual host 'localhost'
17-Oct-2025 01:19:29.427 INFO [http-nio-8080-exec-69] org.apache.catalina.core.ApplicationContext.log Manager: undeploy: Undeploying web application at '/webapp'
17-Oct-2025 01:19:30.018 INFO [http-nio-8080-exec-68] org.apache.catalina.core.ApplicationContext.log Manager: install: Installing context configuration at 'file:/C:/Users/Juanpi/AppData/Local/Temp/context13620476309465698993.xml'
17-Oct-2025 01:19:32.736 INFO [http-nio-8080-exec-61] org.apache.catalina.core.ApplicationContext.log Manager: start: Starting web application '/webapp'
17-Oct-2025 01:22:21.316 INFO [http-nio-8080-exec-74] org.apache.catalina.core.ApplicationContext.log Manager: list: Listing contexts for virtual host 'localhost'
17-Oct-2025 01:22:21.319 INFO [http-nio-8080-exec-75] org.apache.catalina.core.ApplicationContext.log Manager: list: Listing contexts for virtual host 'localhost'
17-Oct-2025 01:22:21.327 INFO [http-nio-8080-exec-80] org.apache.catalina.core.ApplicationContext.log Manager: undeploy: Undeploying web application at '/webapp'
17-Oct-2025 01:22:21.907 INFO [http-nio-8080-exec-72] org.apache.catalina.core.ApplicationContext.log Manager: install: Installing context configuration at 'file:/C:/Users/Juanpi/AppData/Local/Temp/context12543228670885032546.xml'
17-Oct-2025 01:22:24.656 INFO [http-nio-8080-exec-74] org.apache.catalina.core.ApplicationContext.log Manager: start: Starting web application '/webapp'
17-Oct-2025 01:22:41.332 INFO [http-nio-8080-exec-79] org.apache.catalina.core.ApplicationContext.log Manager: list: Listing contexts for virtual host 'localhost'
17-Oct-2025 01:22:41.334 INFO [http-nio-8080-exec-84] org.apache.catalina.core.ApplicationContext.log Manager: list: Listing contexts for virtual host 'localhost'
17-Oct-2025 01:22:41.340 INFO [http-nio-8080-exec-85] org.apache.catalina.core.ApplicationContext.log Manager: undeploy: Undeploying web application at '/webapp'
17-Oct-2025 01:22:41.903 INFO [http-nio-8080-exec-81] org.apache.catalina.core.ApplicationContext.log Manager: install: Installing context configuration at 'file:/C:/Users/Juanpi/AppData/Local/Temp/context16085705717701868914.xml'
17-Oct-2025 01:22:45.383 INFO [http-nio-8080-exec-77] org.apache.catalina.core.ApplicationContext.log Manager: start: Starting web application '/webapp'
17-Oct-2025 01:23:24.022 INFO [http-nio-8080-exec-87] org.apache.catalina.core.ApplicationContext.log Manager: list: Listing contexts for virtual host 'localhost'
17-Oct-2025 01:23:24.024 INFO [http-nio-8080-exec-91] org.apache.catalina.core.ApplicationContext.log Manager: list: Listing contexts for virtual host 'localhost'
17-Oct-2025 01:23:24.030 INFO [http-nio-8080-exec-92] org.apache.catalina.core.ApplicationContext.log Manager: undeploy: Undeploying web application at '/webapp'
17-Oct-2025 01:23:24.666 INFO [http-nio-8080-exec-93] org.apache.catalina.core.ApplicationContext.log Manager: install: Installing context configuration at 'file:/C:/Users/Juanpi/AppData/Local/Temp/context16221589971106327025.xml'
17-Oct-2025 01:23:28.051 INFO [http-nio-8080-exec-88] org.apache.catalina.core.ApplicationContext.log Manager: start: Starting web application '/webapp'
17-Oct-2025 01:26:58.557 INFO [http-nio-8080-exec-102] org.apache.catalina.core.ApplicationContext.log Manager: list: Listing contexts for virtual host 'localhost'
17-Oct-2025 01:26:58.559 INFO [http-nio-8080-exec-104] org.apache.catalina.core.ApplicationContext.log Manager: list: Listing contexts for virtual host 'localhost'
17-Oct-2025 01:26:58.565 INFO [http-nio-8080-exec-96] org.apache.catalina.core.ApplicationContext.log Manager: undeploy: Undeploying web application at '/webapp'
17-Oct-2025 01:26:59.129 INFO [http-nio-8080-exec-104] org.apache.catalina.core.ApplicationContext.log Manager: install: Installing context configuration at 'file:/C:/Users/Juanpi/AppData/Local/Temp/context7339873881518162065.xml'
17-Oct-2025 01:27:01.685 INFO [http-nio-8080-exec-95] org.apache.catalina.core.ApplicationContext.log Manager: start: Starting web application '/webapp'
17-Oct-2025 01:33:21.723 INFO [http-nio-8080-exec-110] org.apache.catalina.core.ApplicationContext.log Manager: list: Listing contexts for virtual host 'localhost'
17-Oct-2025 01:33:21.726 INFO [http-nio-8080-exec-114] org.apache.catalina.core.ApplicationContext.log Manager: undeploy: Undeploying web application at '/webapp'
17-Oct-2025 01:33:33.715 INFO [http-nio-8080-exec-106] org.apache.catalina.core.ApplicationContext.log Manager: list: Listing contexts for virtual host 'localhost'
17-Oct-2025 01:33:33.716 INFO [http-nio-8080-exec-109] org.apache.catalina.core.ApplicationContext.log Manager: list: Listing contexts for virtual host 'localhost'
17-Oct-2025 01:33:33.738 INFO [http-nio-8080-exec-110] org.apache.catalina.core.ApplicationContext.log Manager: install: Installing context configuration at 'file:/C:/Users/Juanpi/AppData/Local/Temp/context512327444232244653.xml'
17-Oct-2025 01:33:36.469 INFO [http-nio-8080-exec-115] org.apache.catalina.core.ApplicationContext.log Manager: start: Starting web application '/webapp'
17-Oct-2025 01:37:09.740 INFO [http-nio-8080-exec-123] org.apache.catalina.core.ApplicationContext.log Manager: list: Listing contexts for virtual host 'localhost'
17-Oct-2025 01:37:09.742 INFO [http-nio-8080-exec-118] org.apache.catalina.core.ApplicationContext.log Manager: list: Listing contexts for virtual host 'localhost'
17-Oct-2025 01:37:09.748 INFO [http-nio-8080-exec-119] org.apache.catalina.core.ApplicationContext.log Manager: undeploy: Undeploying web application at '/webapp'
17-Oct-2025 01:37:10.329 INFO [http-nio-8080-exec-121] org.apache.catalina.core.ApplicationContext.log Manager: install: Installing context configuration at 'file:/C:/Users/Juanpi/AppData/Local/Temp/context3966492734548225504.xml'
17-Oct-2025 01:37:12.775 INFO [http-nio-8080-exec-120] org.apache.catalina.core.ApplicationContext.log Manager: start: Starting web application '/webapp'
17-Oct-2025 01:42:52.953 INFO [http-nio-8080-exec-134] org.apache.catalina.core.ApplicationContext.log Manager: list: Listing contexts for virtual host 'localhost'
17-Oct-2025 01:42:52.956 INFO [http-nio-8080-exec-132] org.apache.catalina.core.ApplicationContext.log Manager: undeploy: Undeploying web application at '/webapp'
17-Oct-2025 01:43:03.604 INFO [http-nio-8080-exec-131] org.apache.catalina.core.ApplicationContext.log Manager: list: Listing contexts for virtual host 'localhost'
17-Oct-2025 01:43:03.606 INFO [http-nio-8080-exec-128] org.apache.catalina.core.ApplicationContext.log Manager: list: Listing contexts for virtual host 'localhost'
17-Oct-2025 01:43:03.628 INFO [http-nio-8080-exec-127] org.apache.catalina.core.ApplicationContext.log Manager: install: Installing context configuration at 'file:/C:/Users/Juanpi/AppData/Local/Temp/context5673336519398396327.xml'
17-Oct-2025 01:43:06.279 INFO [http-nio-8080-exec-135] org.apache.catalina.core.ApplicationContext.log Manager: start: Starting web application '/webapp'
17-Oct-2025 01:45:06.356 INFO [http-nio-8080-exec-144] org.apache.catalina.core.ApplicationContext.log Manager: list: Listing contexts for virtual host 'localhost'
17-Oct-2025 01:45:06.367 INFO [http-nio-8080-exec-142] org.apache.catalina.core.ApplicationContext.log Manager: list: Listing contexts for virtual host 'localhost'
17-Oct-2025 01:45:06.377 INFO [http-nio-8080-exec-138] org.apache.catalina.core.ApplicationContext.log Manager: undeploy: Undeploying web application at '/webapp'
17-Oct-2025 01:45:06.958 INFO [http-nio-8080-exec-137] org.apache.catalina.core.ApplicationContext.log Manager: install: Installing context configuration at 'file:/C:/Users/Juanpi/AppData/Local/Temp/context17169967603139898145.xml'
17-Oct-2025 01:45:09.468 INFO [http-nio-8080-exec-143] org.apache.catalina.core.ApplicationContext.log Manager: start: Starting web application '/webapp'
17-Oct-2025 02:02:59.057 INFO [http-nio-8080-exec-152] org.apache.catalina.core.ApplicationContext.log Manager: list: Listing contexts for virtual host 'localhost'
17-Oct-2025 02:02:59.059 INFO [http-nio-8080-exec-147] org.apache.catalina.core.ApplicationContext.log Manager: list: Listing contexts for virtual host 'localhost'
17-Oct-2025 02:02:59.064 INFO [http-nio-8080-exec-153] org.apache.catalina.core.ApplicationContext.log Manager: undeploy: Undeploying web application at '/webapp'
17-Oct-2025 02:02:59.670 INFO [http-nio-8080-exec-146] org.apache.catalina.core.ApplicationContext.log Manager: install: Installing context configuration at 'file:/C:/Users/Juanpi/AppData/Local/Temp/context18401369768010364935.xml'
17-Oct-2025 02:03:02.713 INFO [http-nio-8080-exec-152] org.apache.catalina.core.ApplicationContext.log Manager: start: Starting web application '/webapp'
17-Oct-2025 02:52:08.510 INFO [http-nio-8080-exec-155] org.apache.catalina.core.ApplicationContext.log Manager: list: Listing contexts for virtual host 'localhost'
17-Oct-2025 02:52:08.512 INFO [http-nio-8080-exec-156] org.apache.catalina.core.ApplicationContext.log Manager: list: Listing contexts for virtual host 'localhost'
17-Oct-2025 02:52:08.517 INFO [http-nio-8080-exec-162] org.apache.catalina.core.ApplicationContext.log Manager: undeploy: Undeploying web application at '/webapp'
17-Oct-2025 02:52:09.100 INFO [http-nio-8080-exec-160] org.apache.catalina.core.ApplicationContext.log Manager: install: Installing context configuration at 'file:/C:/Users/Juanpi/AppData/Local/Temp/context8618375011586528872.xml'
17-Oct-2025 02:52:12.053 INFO [http-nio-8080-exec-155] org.apache.catalina.core.ApplicationContext.log Manager: start: Starting web application '/webapp'
17-Oct-2025 02:56:57.910 INFO [http-nio-8080-exec-170] org.apache.catalina.core.ApplicationContext.log Manager: list: Listing contexts for virtual host 'localhost'
17-Oct-2025 02:56:57.913 INFO [http-nio-8080-exec-165] org.apache.catalina.core.ApplicationContext.log Manager: list: Listing contexts for virtual host 'localhost'
17-Oct-2025 02:56:57.919 INFO [http-nio-8080-exec-166] org.apache.catalina.core.ApplicationContext.log Manager: undeploy: Undeploying web application at '/webapp'
17-Oct-2025 02:56:58.512 INFO [http-nio-8080-exec-168] org.apache.catalina.core.ApplicationContext.log Manager: install: Installing context configuration at 'file:/C:/Users/Juanpi/AppData/Local/Temp/context639097483188018200.xml'
17-Oct-2025 02:57:01.225 INFO [http-nio-8080-exec-170] org.apache.catalina.core.ApplicationContext.log Manager: start: Starting web application '/webapp'
17-Oct-2025 03:09:09.261 INFO [http-nio-8080-exec-179] org.apache.catalina.core.ApplicationContext.log Manager: list: Listing contexts for virtual host 'localhost'
17-Oct-2025 03:09:09.263 INFO [http-nio-8080-exec-183] org.apache.catalina.core.ApplicationContext.log Manager: list: Listing contexts for virtual host 'localhost'
17-Oct-2025 03:09:09.271 INFO [http-nio-8080-exec-180] org.apache.catalina.core.ApplicationContext.log Manager: undeploy: Undeploying web application at '/webapp'
17-Oct-2025 03:09:09.894 INFO [http-nio-8080-exec-175] org.apache.catalina.core.ApplicationContext.log Manager: install: Installing context configuration at 'file:/C:/Users/Juanpi/AppData/Local/Temp/context4098146442271809186.xml'
17-Oct-2025 03:09:13.036 INFO [http-nio-8080-exec-179] org.apache.catalina.core.ApplicationContext.log Manager: start: Starting web application '/webapp'
17-Oct-2025 03:14:57.140 INFO [http-nio-8080-exec-192] org.apache.catalina.core.ApplicationContext.log Manager: list: Listing contexts for virtual host 'localhost'
17-Oct-2025 03:14:57.141 INFO [http-nio-8080-exec-193] org.apache.catalina.core.ApplicationContext.log Manager: list: Listing contexts for virtual host 'localhost'
17-Oct-2025 03:14:57.149 INFO [http-nio-8080-exec-187] org.apache.catalina.core.ApplicationContext.log Manager: undeploy: Undeploying web application at '/webapp'
17-Oct-2025 03:14:57.725 INFO [http-nio-8080-exec-185] org.apache.catalina.core.ApplicationContext.log Manager: install: Installing context configuration at 'file:/C:/Users/Juanpi/AppData/Local/Temp/context10878276042677571725.xml'
17-Oct-2025 03:15:00.808 INFO [http-nio-8080-exec-192] org.apache.catalina.core.ApplicationContext.log Manager: start: Starting web application '/webapp'
17-Oct-2025 03:15:17.344 INFO [http-nio-8080-exec-193] org.apache.catalina.core.ApplicationContext.log Manager: list: Listing contexts for virtual host 'localhost'
17-Oct-2025 03:15:17.345 INFO [http-nio-8080-exec-197] org.apache.catalina.core.ApplicationContext.log Manager: list: Listing contexts for virtual host 'localhost'
17-Oct-2025 03:15:17.352 INFO [http-nio-8080-exec-191] org.apache.catalina.core.ApplicationContext.log Manager: undeploy: Undeploying web application at '/webapp'
17-Oct-2025 03:15:17.900 INFO [http-nio-8080-exec-199] org.apache.catalina.core.ApplicationContext.log Manager: install: Installing context configuration at 'file:/C:/Users/Juanpi/AppData/Local/Temp/context12158409413869325759.xml'
17-Oct-2025 03:15:20.940 INFO [http-nio-8080-exec-192] org.apache.catalina.core.ApplicationContext.log Manager: start: Starting web application '/webapp'
17-Oct-2025 03:19:43.203 INFO [http-nio-8080-exec-204] org.apache.catalina.core.ApplicationContext.log Manager: list: Listing contexts for virtual host 'localhost'
17-Oct-2025 03:19:43.205 INFO [http-nio-8080-exec-205] org.apache.catalina.core.ApplicationContext.log Manager: list: Listing contexts for virtual host 'localhost'
17-Oct-2025 03:19:43.212 INFO [http-nio-8080-exec-200] org.apache.catalina.core.ApplicationContext.log Manager: undeploy: Undeploying web application at '/webapp'
17-Oct-2025 03:19:43.806 INFO [http-nio-8080-exec-201] org.apache.catalina.core.ApplicationContext.log Manager: install: Installing context configuration at 'file:/C:/Users/Juanpi/AppData/Local/Temp/context8921520079136197065.xml'
17-Oct-2025 03:19:46.520 INFO [http-nio-8080-exec-205] org.apache.catalina.core.ApplicationContext.log Manager: start: Starting web application '/webapp'
17-Oct-2025 03:24:10.099 INFO [http-nio-8080-exec-214] org.apache.catalina.core.ApplicationContext.log Manager: list: Listing contexts for virtual host 'localhost'
17-Oct-2025 03:24:10.101 INFO [http-nio-8080-exec-215] org.apache.catalina.core.ApplicationContext.log Manager: list: Listing contexts for virtual host 'localhost'
17-Oct-2025 03:24:10.106 INFO [http-nio-8080-exec-216] org.apache.catalina.core.ApplicationContext.log Manager: undeploy: Undeploying web application at '/webapp'
17-Oct-2025 03:24:10.693 INFO [http-nio-8080-exec-212] org.apache.catalina.core.ApplicationContext.log Manager: install: Installing context configuration at 'file:/C:/Users/Juanpi/AppData/Local/Temp/context14364748109670756470.xml'
17-Oct-2025 03:24:13.642 INFO [http-nio-8080-exec-211] org.apache.catalina.core.ApplicationContext.log Manager: start: Starting web application '/webapp'
